<?xml version="1.0" encoding="UTF-8"?>
<!-- Generated by org.testng.reporters.JUnitReportReporter -->
<testsuite skipped="0" hostname="Jefferson" name="br.com.sesendia.fb.TestNew" tests="4" failures="0" timestamp="17 mai 2018 23:25:59 GMT" time="15.662" errors="0">
  <testcase name="CT01_Post" time="6.010" classname="br.com.sesendia.fb.TestNew"/>
  <testcase name="CT02_PostDuplicado" time="1.299" classname="br.com.sesendia.fb.TestNew"/>
  <testcase name="CT00_AutenticacaoToken" time="2.889" classname="br.com.sesendia.fb.TestNew"/>
  <testcase name="CT02_AlteracaoPost" time="5.464" classname="br.com.sesendia.fb.TestNew"/>
</testsuite> <!-- br.com.sesendia.fb.TestNew -->
